<?xml version="1.0" encoding="UTF-8"?>
<testsuite name="controllers.QuestionAPITest$ClearAllQuestionsTest" tests="1" skipped="0" failures="0" errors="0" timestamp="2022-04-12T22:38:35" hostname="LAPTOP-0C983TGK" time="0.081">
  <properties/>
  <testcase name="clear all questions with two question objects()" classname="controllers.QuestionAPITest$ClearAllQuestionsTest" time="0.081"/>
  <system-out><![CDATA[]]></system-out>
  <system-err><![CDATA[]]></system-err>
</testsuite>
