<?xml version="1.0" encoding="UTF-8"?>
<testsuite name="controllers.QuestionAPITest$QuestionsByDifficulty" tests="3" skipped="0" failures="0" errors="0" timestamp="2022-04-16T14:38:59" hostname="LAPTOP-0C983TGK" time="0.022">
  <properties/>
  <testcase name="test to show no question is added to String if the array is empty()" classname="controllers.QuestionAPITest$QuestionsByDifficulty" time="0.007"/>
  <testcase name="test listing of questions with a difficulty level of 1()" classname="controllers.QuestionAPITest$QuestionsByDifficulty" time="0.004"/>
  <testcase name="test to show no question added to String if there no difficulty level is matched within the array()" classname="controllers.QuestionAPITest$QuestionsByDifficulty" time="0.003"/>
  <system-out><![CDATA[]]></system-out>
  <system-err><![CDATA[]]></system-err>
</testsuite>
