<?xml version="1.0" encoding="UTF-8"?>
<testsuite name="controllers.QuestionAPITest$RemoveQuestion" tests="1" skipped="0" failures="0" errors="0" timestamp="2022-04-16T14:38:58" hostname="LAPTOP-0C983TGK" time="0.004">
  <properties/>
  <testcase name="removing A Question Object from a populated ArrayList()" classname="controllers.QuestionAPITest$RemoveQuestion" time="0.004"/>
  <system-out><![CDATA[]]></system-out>
  <system-err><![CDATA[]]></system-err>
</testsuite>
