<?xml version="1.0" encoding="UTF-8"?>
<testsuite name="controllers.QuestionAPITest$PersistenceTests" tests="1" skipped="0" failures="0" errors="0" timestamp="2022-04-16T14:38:58" hostname="LAPTOP-0C983TGK" time="0.758">
  <properties/>
  <testcase name="persistence app crashing test method with an empty file()" classname="controllers.QuestionAPITest$PersistenceTests" time="0.758"/>
  <system-out><![CDATA[]]></system-out>
  <system-err><![CDATA[]]></system-err>
</testsuite>
