<?xml version="1.0" encoding="UTF-8"?>
<testsuite name="controllers.QuestionAPITest$UpdateQuestions" tests="1" skipped="0" failures="0" errors="0" timestamp="2022-04-16T14:38:58" hostname="LAPTOP-0C983TGK" time="0.002">
  <properties/>
  <testcase name="updating a question which doesn't exist will throw a false result back()" classname="controllers.QuestionAPITest$UpdateQuestions" time="0.002"/>
  <system-out><![CDATA[]]></system-out>
  <system-err><![CDATA[]]></system-err>
</testsuite>
